<?xml version="1.0" encoding="UTF-8"?>
<!-- Generated by org.testng.reporters.JUnitReportReporter -->
<testsuite skipped="0" hostname="LAPTOP-P9A23DRQ" name="itired.Imawake" tests="1" failures="0" timestamp="04 Apr 2021 21:02:47 GMT" time="30.322" errors="0">
  <testcase name="clicklink" time="30.322" classname="itired.Imawake"/>
</testsuite> <!-- itired.Imawake -->
