<?xml version="1.0" encoding="UTF-8"?>
<!-- Generated by org.testng.reporters.JUnitReportReporter -->
<testsuite skipped="0" hostname="LAPTOP-P9A23DRQ" name="itired.Imtired" tests="1" failures="0" timestamp="04 Apr 2021 20:43:24 GMT" time="12.729" errors="0">
  <testcase name="setup" time="12.729" classname="itired.Imtired"/>
</testsuite> <!-- itired.Imtired -->
